<?xml version="1.0" encoding="UTF-8"?>
<!-- Generated by org.testng.reporters.JUnitXMLReporter -->
<testsuite hostname="DESKTOP-UFKSKVF" ignored="0" name="Test" tests="1" failures="1" timestamp="22 Feb 2021 18:25:58 GMT" time="9.683" errors="0">
  <testcase name="test1" time="0.24" classname="com.tests.GoogleTest">
    <failure type="junit.framework.ComparisonFailure" message="expected:&amp;lt;Google[]&amp;gt; but was:&amp;lt;Google[s]&amp;gt;">
      <![CDATA[junit.framework.ComparisonFailure: expected:<Google[]> but was:<Google[s]>
at junit.framework.Assert.assertEquals(Assert.java:100)
at junit.framework.Assert.assertEquals(Assert.java:107)
at com.functions.GoogleFunc.titleVerify(GoogleFunc.java:14)
at com.tests.GoogleTest.test1(GoogleTest.java:26)
... Removed 25 stack frames]]>
    </failure>
  </testcase> <!-- test1 -->
</testsuite> <!-- Test -->
