<?xml version="1.0" encoding="UTF-8"?>
<testng-results skipped="0" failed="1" ignored="0" total="1" passed="0">
  <reporter-output>
  </reporter-output>
  <suite name="Default suite" duration-ms="9255" started-at="2021-02-22T18:39:32Z" finished-at="2021-02-22T18:39:41Z">
    <groups>
    </groups>
    <test name="Default test" duration-ms="9255" started-at="2021-02-22T18:39:32Z" finished-at="2021-02-22T18:39:41Z">
      <class name="com.tests.Google2Test">
        <test-method status="PASS" signature="setUp()[pri:0, instance:com.tests.Google2Test@770d0ea6]" name="setUp" is-config="true" duration-ms="7592" started-at="2021-02-22T18:39:32Z" finished-at="2021-02-22T18:39:40Z">
          <reporter-output>
          </reporter-output>
        </test-method> <!-- setUp -->
        <test-method status="FAIL" signature="test1()[pri:0, instance:com.tests.Google2Test@770d0ea6]" name="test1" duration-ms="96" started-at="2021-02-22T18:39:40Z" finished-at="2021-02-22T18:39:40Z">
          <exception class="junit.framework.ComparisonFailure">
            <message>
              <![CDATA[expected:<Google[]> but was:<Google[s]>]]>
            </message>
            <full-stacktrace>
              <![CDATA[junit.framework.ComparisonFailure: expected:<Google[]> but was:<Google[s]>
at junit.framework.Assert.assertEquals(Assert.java:100)
at junit.framework.Assert.assertEquals(Assert.java:107)
at com.functions.GoogleFunc.titleVerify(GoogleFunc.java:13)
at com.tests.Google2Test.test1(Google2Test.java:27)
at sun.reflect.NativeMethodAccessorImpl.invoke0(Native Method)
at sun.reflect.NativeMethodAccessorImpl.invoke(NativeMethodAccessorImpl.java:62)
at sun.reflect.DelegatingMethodAccessorImpl.invoke(DelegatingMethodAccessorImpl.java:43)
at java.lang.reflect.Method.invoke(Method.java:498)
at org.testng.internal.MethodInvocationHelper.invokeMethod(MethodInvocationHelper.java:124)
at org.testng.internal.Invoker.invokeMethod(Invoker.java:583)
at org.testng.internal.Invoker.invokeTestMethod(Invoker.java:719)
at org.testng.internal.Invoker.invokeTestMethods(Invoker.java:989)
at org.testng.internal.TestMethodWorker.invokeTestMethods(TestMethodWorker.java:125)
at org.testng.internal.TestMethodWorker.run(TestMethodWorker.java:109)
at org.testng.TestRunner.privateRun(TestRunner.java:648)
at org.testng.TestRunner.run(TestRunner.java:505)
at org.testng.SuiteRunner.runTest(SuiteRunner.java:455)
at org.testng.SuiteRunner.runSequentially(SuiteRunner.java:450)
at org.testng.SuiteRunner.privateRun(SuiteRunner.java:415)
at org.testng.SuiteRunner.run(SuiteRunner.java:364)
at org.testng.SuiteRunnerWorker.runSuite(SuiteRunnerWorker.java:52)
at org.testng.SuiteRunnerWorker.run(SuiteRunnerWorker.java:84)
at org.testng.TestNG.runSuitesSequentially(TestNG.java:1208)
at org.testng.TestNG.runSuitesLocally(TestNG.java:1137)
at org.testng.TestNG.runSuites(TestNG.java:1049)
at org.testng.TestNG.run(TestNG.java:1017)
at org.testng.remote.AbstractRemoteTestNG.run(AbstractRemoteTestNG.java:115)
at org.testng.remote.RemoteTestNG.initAndRun(RemoteTestNG.java:251)
at org.testng.remote.RemoteTestNG.main(RemoteTestNG.java:77)
]]>
            </full-stacktrace>
          </exception> <!-- junit.framework.ComparisonFailure -->
          <reporter-output>
          </reporter-output>
        </test-method> <!-- test1 -->
        <test-method status="PASS" signature="tearDown()[pri:0, instance:com.tests.Google2Test@770d0ea6]" name="tearDown" is-config="true" duration-ms="1185" started-at="2021-02-22T18:39:40Z" finished-at="2021-02-22T18:39:41Z">
          <reporter-output>
          </reporter-output>
        </test-method> <!-- tearDown -->
      </class> <!-- com.tests.Google2Test -->
    </test> <!-- Default test -->
  </suite> <!-- Default suite -->
</testng-results>
